{"C:\\Users\\Equipo\\Curso-de-Node\\07-RestWeb\\src\\data\\postgres\\index.ts": {"path":"C:\\Users\\Equipo\\Curso-de-Node\\07-RestWeb\\src\\data\\postgres\\index.ts","all":false,"statementMap":{"0":{"start":{"line":1,"column":0},"end":{"line":1,"column":54}},"1":{"start":{"line":2,"column":0},"end":{"line":2,"column":0}},"2":{"start":{"line":3,"column":0},"end":{"line":3,"column":39}}},"s":{"0":1,"1":1,"2":1},"branchMap":{},"b":{},"fnMap":{},"f":{}}
,"C:\\Users\\Equipo\\Curso-de-Node\\07-RestWeb\\src\\domain\\dtos\\todos\\create-todo.dto.ts": {"path":"C:\\Users\\Equipo\\Curso-de-Node\\07-RestWeb\\src\\domain\\dtos\\todos\\create-todo.dto.ts","all":false,"statementMap":{"0":{"start":{"line":1,"column":0},"end":{"line":1,"column":27}},"1":{"start":{"line":2,"column":0},"end":{"line":2,"column":0}},"2":{"start":{"line":3,"column":0},"end":{"line":3,"column":24}},"3":{"start":{"line":4,"column":0},"end":{"line":4,"column":36}},"4":{"start":{"line":5,"column":0},"end":{"line":5,"column":7}},"5":{"start":{"line":6,"column":0},"end":{"line":6,"column":0}},"6":{"start":{"line":7,"column":0},"end":{"line":7,"column":69}},"7":{"start":{"line":8,"column":0},"end":{"line":8,"column":0}},"8":{"start":{"line":9,"column":0},"end":{"line":9,"column":27}},"9":{"start":{"line":10,"column":0},"end":{"line":10,"column":83}},"10":{"start":{"line":11,"column":0},"end":{"line":11,"column":0}},"11":{"start":{"line":12,"column":0},"end":{"line":12,"column":51}},"12":{"start":{"line":13,"column":0},"end":{"line":13,"column":5}},"13":{"start":{"line":14,"column":0},"end":{"line":14,"column":1}}},"s":{"0":1,"1":1,"2":1,"3":1,"4":1,"5":1,"6":1,"7":3,"8":3,"9":3,"10":1,"11":1,"12":1,"13":1},"branchMap":{"0":{"type":"branch","line":3,"loc":{"start":{"line":3,"column":4},"end":{"line":5,"column":7}},"locations":[{"start":{"line":3,"column":4},"end":{"line":5,"column":7}}]},"1":{"type":"branch","line":7,"loc":{"start":{"line":7,"column":11},"end":{"line":13,"column":5}},"locations":[{"start":{"line":7,"column":11},"end":{"line":13,"column":5}}]},"2":{"type":"branch","line":10,"loc":{"start":{"line":10,"column":16},"end":{"line":10,"column":35}},"locations":[{"start":{"line":10,"column":16},"end":{"line":10,"column":35}}]},"3":{"type":"branch","line":10,"loc":{"start":{"line":10,"column":37},"end":{"line":10,"column":83}},"locations":[{"start":{"line":10,"column":37},"end":{"line":10,"column":83}}]},"4":{"type":"branch","line":11,"loc":{"start":{"line":11,"column":-2},"end":{"line":13,"column":5}},"locations":[{"start":{"line":11,"column":-2},"end":{"line":13,"column":5}}]}},"b":{"0":[1],"1":[3],"2":[1],"3":[2],"4":[1]},"fnMap":{"0":{"name":"CreateTodoDto","decl":{"start":{"line":3,"column":4},"end":{"line":5,"column":7}},"loc":{"start":{"line":3,"column":4},"end":{"line":5,"column":7}},"line":3},"1":{"name":"create","decl":{"start":{"line":7,"column":11},"end":{"line":13,"column":5}},"loc":{"start":{"line":7,"column":11},"end":{"line":13,"column":5}},"line":7}},"f":{"0":1,"1":3}}
,"C:\\Users\\Equipo\\Curso-de-Node\\07-RestWeb\\src\\presentation\\todos\\controller.ts": {"path":"C:\\Users\\Equipo\\Curso-de-Node\\07-RestWeb\\src\\presentation\\todos\\controller.ts","all":false,"statementMap":{"0":{"start":{"line":1,"column":0},"end":{"line":1,"column":41}},"1":{"start":{"line":2,"column":0},"end":{"line":2,"column":45}},"2":{"start":{"line":3,"column":0},"end":{"line":3,"column":65}},"3":{"start":{"line":4,"column":0},"end":{"line":4,"column":101}},"4":{"start":{"line":5,"column":0},"end":{"line":5,"column":0}},"5":{"start":{"line":6,"column":0},"end":{"line":6,"column":29}},"6":{"start":{"line":7,"column":0},"end":{"line":7,"column":0}},"7":{"start":{"line":8,"column":0},"end":{"line":8,"column":16}},"8":{"start":{"line":9,"column":0},"end":{"line":9,"column":54}},"9":{"start":{"line":10,"column":0},"end":{"line":10,"column":7}},"10":{"start":{"line":11,"column":0},"end":{"line":11,"column":0}},"11":{"start":{"line":12,"column":0},"end":{"line":12,"column":52}},"12":{"start":{"line":13,"column":0},"end":{"line":13,"column":41}},"13":{"start":{"line":14,"column":0},"end":{"line":14,"column":22}},"14":{"start":{"line":15,"column":0},"end":{"line":15,"column":41}},"15":{"start":{"line":16,"column":0},"end":{"line":16,"column":57}},"16":{"start":{"line":17,"column":0},"end":{"line":17,"column":5}},"17":{"start":{"line":18,"column":0},"end":{"line":18,"column":4}},"18":{"start":{"line":19,"column":0},"end":{"line":19,"column":52}},"19":{"start":{"line":20,"column":0},"end":{"line":20,"column":32}},"20":{"start":{"line":21,"column":0},"end":{"line":21,"column":0}},"21":{"start":{"line":22,"column":0},"end":{"line":22,"column":40}},"22":{"start":{"line":23,"column":0},"end":{"line":23,"column":24}},"23":{"start":{"line":24,"column":0},"end":{"line":24,"column":39}},"24":{"start":{"line":25,"column":0},"end":{"line":25,"column":57}},"25":{"start":{"line":26,"column":0},"end":{"line":26,"column":5}},"26":{"start":{"line":27,"column":0},"end":{"line":27,"column":0}},"27":{"start":{"line":28,"column":0},"end":{"line":28,"column":54}},"28":{"start":{"line":29,"column":0},"end":{"line":29,"column":8}},"29":{"start":{"line":30,"column":0},"end":{"line":30,"column":73}},"30":{"start":{"line":31,"column":0},"end":{"line":31,"column":55}},"31":{"start":{"line":32,"column":0},"end":{"line":32,"column":0}},"32":{"start":{"line":33,"column":0},"end":{"line":33,"column":43}},"33":{"start":{"line":34,"column":0},"end":{"line":34,"column":36}},"34":{"start":{"line":35,"column":0},"end":{"line":35,"column":51}},"35":{"start":{"line":36,"column":0},"end":{"line":36,"column":57}},"36":{"start":{"line":37,"column":0},"end":{"line":37,"column":8}},"37":{"start":{"line":38,"column":0},"end":{"line":38,"column":5}},"38":{"start":{"line":39,"column":0},"end":{"line":39,"column":0}},"39":{"start":{"line":40,"column":0},"end":{"line":40,"column":52}},"40":{"start":{"line":41,"column":0},"end":{"line":41,"column":8}},"41":{"start":{"line":42,"column":0},"end":{"line":42,"column":32}},"42":{"start":{"line":43,"column":0},"end":{"line":43,"column":76}},"43":{"start":{"line":44,"column":0},"end":{"line":44,"column":55}},"44":{"start":{"line":45,"column":0},"end":{"line":45,"column":0}},"45":{"start":{"line":46,"column":0},"end":{"line":46,"column":43}},"46":{"start":{"line":47,"column":0},"end":{"line":47,"column":36}},"47":{"start":{"line":48,"column":0},"end":{"line":48,"column":39}},"48":{"start":{"line":49,"column":0},"end":{"line":49,"column":57}},"49":{"start":{"line":50,"column":0},"end":{"line":50,"column":8}},"50":{"start":{"line":51,"column":0},"end":{"line":51,"column":5}},"51":{"start":{"line":52,"column":0},"end":{"line":52,"column":0}},"52":{"start":{"line":53,"column":0},"end":{"line":53,"column":54}},"53":{"start":{"line":54,"column":0},"end":{"line":54,"column":32}},"54":{"start":{"line":55,"column":0},"end":{"line":55,"column":8}},"55":{"start":{"line":56,"column":0},"end":{"line":56,"column":43}},"56":{"start":{"line":57,"column":0},"end":{"line":57,"column":24}},"57":{"start":{"line":58,"column":0},"end":{"line":58,"column":39}},"58":{"start":{"line":59,"column":0},"end":{"line":59,"column":57}},"59":{"start":{"line":60,"column":0},"end":{"line":60,"column":5}},"60":{"start":{"line":61,"column":0},"end":{"line":61,"column":0}},"61":{"start":{"line":62,"column":0},"end":{"line":62,"column":1}}},"s":{"0":1,"1":1,"2":1,"3":1,"4":1,"5":1,"6":1,"7":1,"8":2,"9":2,"10":1,"11":1,"12":1,"13":1,"14":1,"15":1,"16":1,"17":1,"18":1,"19":2,"20":2,"21":2,"22":2,"23":2,"24":2,"25":2,"26":1,"27":1,"28":3,"29":3,"30":3,"31":1,"32":1,"33":1,"34":1,"35":1,"36":1,"37":1,"38":1,"39":1,"40":0,"41":0,"42":0,"43":0,"44":0,"45":0,"46":0,"47":0,"48":0,"49":0,"50":0,"51":1,"52":1,"53":0,"54":0,"55":0,"56":0,"57":0,"58":0,"59":0,"60":1,"61":1},"branchMap":{"0":{"type":"branch","line":8,"loc":{"start":{"line":8,"column":4},"end":{"line":10,"column":7}},"locations":[{"start":{"line":8,"column":4},"end":{"line":10,"column":7}}]},"1":{"type":"branch","line":12,"loc":{"start":{"line":12,"column":20},"end":{"line":17,"column":5}},"locations":[{"start":{"line":12,"column":20},"end":{"line":17,"column":5}}]},"2":{"type":"branch","line":15,"loc":{"start":{"line":15,"column":18},"end":{"line":15,"column":40}},"locations":[{"start":{"line":15,"column":18},"end":{"line":15,"column":40}}]},"3":{"type":"branch","line":19,"loc":{"start":{"line":19,"column":23},"end":{"line":26,"column":5}},"locations":[{"start":{"line":19,"column":23},"end":{"line":26,"column":5}}]},"4":{"type":"branch","line":24,"loc":{"start":{"line":24,"column":18},"end":{"line":24,"column":38}},"locations":[{"start":{"line":24,"column":18},"end":{"line":24,"column":38}}]},"5":{"type":"branch","line":25,"loc":{"start":{"line":25,"column":19},"end":{"line":25,"column":55}},"locations":[{"start":{"line":25,"column":19},"end":{"line":25,"column":55}}]},"6":{"type":"branch","line":28,"loc":{"start":{"line":28,"column":22},"end":{"line":38,"column":5}},"locations":[{"start":{"line":28,"column":22},"end":{"line":38,"column":5}}]},"7":{"type":"branch","line":30,"loc":{"start":{"line":30,"column":65},"end":{"line":30,"column":71}},"locations":[{"start":{"line":30,"column":65},"end":{"line":30,"column":71}}]},"8":{"type":"branch","line":31,"loc":{"start":{"line":31,"column":18},"end":{"line":31,"column":55}},"locations":[{"start":{"line":31,"column":18},"end":{"line":31,"column":55}}]},"9":{"type":"branch","line":32,"loc":{"start":{"line":32,"column":-2},"end":{"line":38,"column":5}},"locations":[{"start":{"line":32,"column":-2},"end":{"line":38,"column":5}}]},"10":{"type":"branch","line":35,"loc":{"start":{"line":35,"column":18},"end":{"line":35,"column":50}},"locations":[{"start":{"line":35,"column":18},"end":{"line":35,"column":50}}]}},"b":{"0":[2],"1":[1],"2":[1],"3":[2],"4":[1],"5":[1],"6":[3],"7":[0],"8":[2],"9":[1],"10":[1]},"fnMap":{"0":{"name":"TodosController","decl":{"start":{"line":8,"column":4},"end":{"line":10,"column":7}},"loc":{"start":{"line":8,"column":4},"end":{"line":10,"column":7}},"line":8},"1":{"name":"TodosController.getTodos","decl":{"start":{"line":12,"column":20},"end":{"line":17,"column":5}},"loc":{"start":{"line":12,"column":20},"end":{"line":17,"column":5}},"line":12},"2":{"name":"TodosController.getTodoById","decl":{"start":{"line":19,"column":23},"end":{"line":26,"column":5}},"loc":{"start":{"line":19,"column":23},"end":{"line":26,"column":5}},"line":19},"3":{"name":"TodosController.createTodo","decl":{"start":{"line":28,"column":22},"end":{"line":38,"column":5}},"loc":{"start":{"line":28,"column":22},"end":{"line":38,"column":5}},"line":28},"4":{"name":"TodosController.updateTodo","decl":{"start":{"line":40,"column":22},"end":{"line":51,"column":5}},"loc":{"start":{"line":40,"column":22},"end":{"line":51,"column":5}},"line":40},"5":{"name":"TodosController.deleteTodo","decl":{"start":{"line":53,"column":22},"end":{"line":60,"column":5}},"loc":{"start":{"line":53,"column":22},"end":{"line":60,"column":5}},"line":53}},"f":{"0":2,"1":1,"2":2,"3":3,"4":0,"5":0}}
,"C:\\Users\\Equipo\\Curso-de-Node\\07-RestWeb\\tests\\test-server.ts": {"path":"C:\\Users\\Equipo\\Curso-de-Node\\07-RestWeb\\tests\\test-server.ts","all":false,"statementMap":{"0":{"start":{"line":1,"column":0},"end":{"line":1,"column":42}},"1":{"start":{"line":2,"column":0},"end":{"line":2,"column":55}},"2":{"start":{"line":3,"column":0},"end":{"line":3,"column":50}},"3":{"start":{"line":4,"column":0},"end":{"line":4,"column":0}},"4":{"start":{"line":5,"column":0},"end":{"line":5,"column":36}},"5":{"start":{"line":6,"column":0},"end":{"line":6,"column":19}},"6":{"start":{"line":7,"column":0},"end":{"line":7,"column":27}},"7":{"start":{"line":8,"column":0},"end":{"line":8,"column":3}}},"s":{"0":1,"1":1,"2":1,"3":1,"4":1,"5":1,"6":1,"7":1},"branchMap":{},"b":{},"fnMap":{},"f":{}}
}
